This is XeTeX, Version 3.141592653-2.6-0.999995 (TeX Live 2023) (preloaded format=xelatex 2023.9.21)  25 SEP 2023 19:26
entering extended mode
 restricted \write18 enabled.
 file:line:error style messages enabled.
 %&-line parsing enabled.
**main.tex
(./main.tex
LaTeX2e <2023-06-01> patch level 1
L3 programming layer <2023-08-29>
(d:/Program Files/texlive/texmf-dist/tex/latex/base/book.cls
Document Class: book 2023/05/17 v1.4n Standard LaTeX document class
(d:/Program Files/texlive/texmf-dist/tex/latex/base/bk11.clo
File: bk11.clo 2023/05/17 v1.4n Standard LaTeX file (size option)
)
\c@part=\count181
\c@chapter=\count182
\c@section=\count183
\c@subsection=\count184
\c@subsubsection=\count185
\c@paragraph=\count186
\c@subparagraph=\count187
\c@figure=\count188
\c@table=\count189
\abovecaptionskip=\skip48
\belowcaptionskip=\skip49
\bibindent=\dimen140
) (./style.sty
Package: style Concrete Mathematics

(d:/Program Files/texlive/texmf-dist/tex/latex/amsmath/amsmath.sty
Package: amsmath 2023/05/13 v2.17o AMS math features
\@mathmargin=\skip50

For additional information on amsmath, use the `?' option.
(d:/Program Files/texlive/texmf-dist/tex/latex/amsmath/amstext.sty
Package: amstext 2021/08/26 v2.01 AMS text

(d:/Program Files/texlive/texmf-dist/tex/latex/amsmath/amsgen.sty
File: amsgen.sty 1999/11/30 v2.0 generic functions
\@emptytoks=\toks17
\ex@=\dimen141
))
(d:/Program Files/texlive/texmf-dist/tex/latex/amsmath/amsbsy.sty
Package: amsbsy 1999/11/29 v1.2d Bold Symbols
\pmbraise@=\dimen142
)
(d:/Program Files/texlive/texmf-dist/tex/latex/amsmath/amsopn.sty
Package: amsopn 2022/04/08 v2.04 operator names
)
\inf@bad=\count190
LaTeX Info: Redefining \frac on input line 234.
\uproot@=\count191
\leftroot@=\count192
LaTeX Info: Redefining \overline on input line 399.
LaTeX Info: Redefining \colon on input line 410.
\classnum@=\count193
\DOTSCASE@=\count194
LaTeX Info: Redefining \ldots on input line 496.
LaTeX Info: Redefining \dots on input line 499.
LaTeX Info: Redefining \cdots on input line 620.
\Mathstrutbox@=\box51
\strutbox@=\box52
LaTeX Info: Redefining \big on input line 722.
LaTeX Info: Redefining \Big on input line 723.
LaTeX Info: Redefining \bigg on input line 724.
LaTeX Info: Redefining \Bigg on input line 725.
\big@size=\dimen143
LaTeX Font Info:    Redeclaring font encoding OML on input line 743.
LaTeX Font Info:    Redeclaring font encoding OMS on input line 744.
\macc@depth=\count195
LaTeX Info: Redefining \bmod on input line 905.
LaTeX Info: Redefining \pmod on input line 910.
LaTeX Info: Redefining \smash on input line 940.
LaTeX Info: Redefining \relbar on input line 970.
LaTeX Info: Redefining \Relbar on input line 971.
\c@MaxMatrixCols=\count196
\dotsspace@=\muskip16
\c@parentequation=\count197
\dspbrk@lvl=\count198
\tag@help=\toks18
\row@=\count199
\column@=\count266
\maxfields@=\count267
\andhelp@=\toks19
\eqnshift@=\dimen144
\alignsep@=\dimen145
\tagshift@=\dimen146
\tagwidth@=\dimen147
\totwidth@=\dimen148
\lineht@=\dimen149
\@envbody=\toks20
\multlinegap=\skip51
\multlinetaggap=\skip52
\mathdisplay@stack=\toks21
LaTeX Info: Redefining \[ on input line 2953.
LaTeX Info: Redefining \] on input line 2954.
)
(d:/Program Files/texlive/texmf-dist/tex/latex/epsdice/epsdice.sty
Package: epsdice 2007/02/15 by Thomas Heim (v. 2.1)

(d:/Program Files/texlive/texmf-dist/tex/latex/graphics/graphicx.sty
Package: graphicx 2021/09/16 v1.2d Enhanced LaTeX Graphics (DPC,SPQR)

(d:/Program Files/texlive/texmf-dist/tex/latex/graphics/keyval.sty
Package: keyval 2022/05/29 v1.15 key=value parser (DPC)
\KV@toks@=\toks22
)
(d:/Program Files/texlive/texmf-dist/tex/latex/graphics/graphics.sty
Package: graphics 2022/03/10 v1.4e Standard LaTeX Graphics (DPC,SPQR)

(d:/Program Files/texlive/texmf-dist/tex/latex/graphics/trig.sty
Package: trig 2021/08/11 v1.11 sin cos tan (DPC)
)
(d:/Program Files/texlive/texmf-dist/tex/latex/graphics-cfg/graphics.cfg
File: graphics.cfg 2016/06/04 v1.11 sample graphics configuration
)
Package graphics Info: Driver file: xetex.def on input line 107.

(d:/Program Files/texlive/texmf-dist/tex/latex/graphics-def/xetex.def
File: xetex.def 2022/09/22 v5.0n Graphics/color driver for xetex
))
\Gin@req@height=\dimen150
\Gin@req@width=\dimen151
)
(d:/Program Files/texlive/texmf-dist/tex/latex/base/ifthen.sty
Package: ifthen 2022/04/13 v1.1d Standard LaTeX ifthen package (DPC)
)
(d:/Program Files/texlive/texmf-dist/tex/latex/epsdice/epsdice.cfg)
\c@eps@face=\count268
)
(d:/Program Files/texlive/texmf-dist/tex/latex/etoolbox/etoolbox.sty
Package: etoolbox 2020/10/05 v2.5k e-TeX tools for LaTeX (JAW)
\etb@tempcnta=\count269
)
(d:/Program Files/texlive/texmf-dist/tex/latex/hyperref/hyperref.sty
Package: hyperref 2023-07-08 v7.01b Hypertext links for LaTeX

(d:/Program Files/texlive/texmf-dist/tex/generic/ltxcmds/ltxcmds.sty
Package: ltxcmds 2020-05-10 v1.25 LaTeX kernel commands for general use (HO)
)
(d:/Program Files/texlive/texmf-dist/tex/generic/iftex/iftex.sty
Package: iftex 2022/02/03 v1.0f TeX engine tests
)
(d:/Program Files/texlive/texmf-dist/tex/generic/pdftexcmds/pdftexcmds.sty
Package: pdftexcmds 2020-06-27 v0.33 Utility functions of pdfTeX for LuaTeX (HO
)

(d:/Program Files/texlive/texmf-dist/tex/generic/infwarerr/infwarerr.sty
Package: infwarerr 2019/12/03 v1.5 Providing info/warning/error messages (HO)
)
Package pdftexcmds Info: \pdf@primitive is available.
Package pdftexcmds Info: \pdf@ifprimitive is available.
Package pdftexcmds Info: \pdfdraftmode not found.
)
(d:/Program Files/texlive/texmf-dist/tex/latex/kvsetkeys/kvsetkeys.sty
Package: kvsetkeys 2022-10-05 v1.19 Key value parser (HO)
)
(d:/Program Files/texlive/texmf-dist/tex/generic/kvdefinekeys/kvdefinekeys.sty
Package: kvdefinekeys 2019-12-19 v1.6 Define keys (HO)
) (d:/Program Files/texlive/texmf-dist/tex/generic/pdfescape/pdfescape.sty
Package: pdfescape 2019/12/09 v1.15 Implements pdfTeX's escape features (HO)
)
(d:/Program Files/texlive/texmf-dist/tex/latex/hycolor/hycolor.sty
Package: hycolor 2020-01-27 v1.10 Color options for hyperref/bookmark (HO)
)
(d:/Program Files/texlive/texmf-dist/tex/latex/letltxmacro/letltxmacro.sty
Package: letltxmacro 2019/12/03 v1.6 Let assignment for LaTeX macros (HO)
)
(d:/Program Files/texlive/texmf-dist/tex/latex/auxhook/auxhook.sty
Package: auxhook 2019-12-17 v1.6 Hooks for auxiliary files (HO)
)
(d:/Program Files/texlive/texmf-dist/tex/latex/hyperref/nameref.sty
Package: nameref 2023-08-07 v2.53 Cross-referencing by name of section

(d:/Program Files/texlive/texmf-dist/tex/latex/refcount/refcount.sty
Package: refcount 2019/12/15 v3.6 Data extraction from label references (HO)
)
(d:/Program Files/texlive/texmf-dist/tex/generic/gettitlestring/gettitlestring.
sty
Package: gettitlestring 2019/12/15 v1.6 Cleanup title references (HO)
 (d:/Program Files/texlive/texmf-dist/tex/latex/kvoptions/kvoptions.sty
Package: kvoptions 2022-06-15 v3.15 Key value format for package options (HO)
))
\c@section@level=\count270
)
\@linkdim=\dimen152
\Hy@linkcounter=\count271
\Hy@pagecounter=\count272

(d:/Program Files/texlive/texmf-dist/tex/latex/hyperref/pd1enc.def
File: pd1enc.def 2023-07-08 v7.01b Hyperref: PDFDocEncoding definition (HO)
)
(d:/Program Files/texlive/texmf-dist/tex/generic/intcalc/intcalc.sty
Package: intcalc 2019/12/15 v1.3 Expandable calculations with integers (HO)
)
\Hy@SavedSpaceFactor=\count273

(d:/Program Files/texlive/texmf-dist/tex/latex/hyperref/puenc.def
File: puenc.def 2023-07-08 v7.01b Hyperref: PDF Unicode definition (HO)
)
Package hyperref Info: Hyper figures OFF on input line 4167.
Package hyperref Info: Link nesting OFF on input line 4172.
Package hyperref Info: Hyper index ON on input line 4175.
Package hyperref Info: Plain pages OFF on input line 4182.
Package hyperref Info: Backreferencing OFF on input line 4187.
Package hyperref Info: Implicit mode ON; LaTeX internals redefined.
Package hyperref Info: Bookmarks ON on input line 4434.
\c@Hy@tempcnt=\count274

(d:/Program Files/texlive/texmf-dist/tex/latex/url/url.sty
\Urlmuskip=\muskip17
Package: url 2013/09/16  ver 3.4  Verb mode for urls, etc.
)
LaTeX Info: Redefining \url on input line 4772.
\XeTeXLinkMargin=\dimen153

(d:/Program Files/texlive/texmf-dist/tex/generic/bitset/bitset.sty
Package: bitset 2019/12/09 v1.3 Handle bit-vector datatype (HO)

(d:/Program Files/texlive/texmf-dist/tex/generic/bigintcalc/bigintcalc.sty
Package: bigintcalc 2019/12/15 v1.5 Expandable calculations on big integers (HO
)
))
\Fld@menulength=\count275
\Field@Width=\dimen154
\Fld@charsize=\dimen155
Package hyperref Info: Hyper figures OFF on input line 6051.
Package hyperref Info: Link nesting OFF on input line 6056.
Package hyperref Info: Hyper index ON on input line 6059.
Package hyperref Info: backreferencing OFF on input line 6066.
Package hyperref Info: Link coloring OFF on input line 6071.
Package hyperref Info: Link coloring with OCG OFF on input line 6076.
Package hyperref Info: PDF/A mode OFF on input line 6081.

(d:/Program Files/texlive/texmf-dist/tex/latex/base/atbegshi-ltx.sty
Package: atbegshi-ltx 2021/01/10 v1.0c Emulation of the original atbegshi
package with kernel methods
)
\Hy@abspage=\count276
\c@Item=\count277
\c@Hfootnote=\count278
)
Package hyperref Info: Driver (autodetected): hxetex.

(d:/Program Files/texlive/texmf-dist/tex/latex/hyperref/hxetex.def
File: hxetex.def 2023-07-08 v7.01b Hyperref driver for XeTeX

(d:/Program Files/texlive/texmf-dist/tex/generic/stringenc/stringenc.sty
Package: stringenc 2019/11/29 v1.12 Convert strings between diff. encodings (HO
)
)
\pdfm@box=\box53
\c@Hy@AnnotLevel=\count279
\HyField@AnnotCount=\count280
\Fld@listcount=\count281
\c@bookmark@seq@number=\count282

(d:/Program Files/texlive/texmf-dist/tex/latex/rerunfilecheck/rerunfilecheck.st
y
Package: rerunfilecheck 2022-07-10 v1.10 Rerun checks for auxiliary files (HO)
 (d:/Program Files/texlive/texmf-dist/tex/latex/base/atveryend-ltx.sty
Package: atveryend-ltx 2020/08/19 v1.0a Emulation of the original atveryend pac
kage
with kernel methods
)
(d:/Program Files/texlive/texmf-dist/tex/generic/uniquecounter/uniquecounter.st
y
Package: uniquecounter 2019/12/15 v1.4 Provide unlimited unique counter (HO)
)
Package uniquecounter Info: New unique counter `rerunfilecheck' on input line 2
85.
)
\Hy@SectionHShift=\skip53
)
Package hyperref Info: Option `colorlinks' set `true' on input line 37.
 (d:/Program Files/texlive/texmf-dist/tex/latex/interval/interval.sty
Package: interval 2019/03/06 v0.4

(d:/Program Files/texlive/texmf-dist/tex/latex/pgf/utilities/pgfkeys.sty
(d:/Program Files/texlive/texmf-dist/tex/generic/pgf/utilities/pgfkeys.code.tex
\pgfkeys@pathtoks=\toks23
\pgfkeys@temptoks=\toks24

(d:/Program Files/texlive/texmf-dist/tex/generic/pgf/utilities/pgfkeyslibraryfi
ltered.code.tex
\pgfkeys@tmptoks=\toks25
))))
(d:/Program Files/texlive/texmf-dist/tex/latex/marginnote/marginnote.sty
Package: marginnote 2018/08/09 1.4b non floating margin notes for LaTeX
\c@mn@abspage=\count283
)
(d:/Program Files/texlive/texmf-dist/tex/latex/amsrefs/textcmds.sty
Package: textcmds 2012/08/02 v2.00
))
(d:/Program Files/texlive/texmf-dist/tex/latex/l3backend/l3backend-xetex.def
File: l3backend-xetex.def 2023-04-19 L3 backend support: XeTeX
\g__graphics_track_int=\count284
\l__pdf_internal_box=\box54
\g__pdf_backend_object_int=\count285
\g__pdf_backend_annotation_int=\count286
\g__pdf_backend_link_int=\count287
)
(D:/ToanHocRoiRac/out/main.aux (D:/ToanHocRoiRac/out/chapters/preface.aux)
(D:/ToanHocRoiRac/out/chapters/chapter1.aux)
(D:/ToanHocRoiRac/out/chapters/chapter2.aux)
(D:/ToanHocRoiRac/out/chapters/chapter3.aux)
(D:/ToanHocRoiRac/out/chapters/chapter4.aux)
(D:/ToanHocRoiRac/out/chapters/chapter5.aux)
(D:/ToanHocRoiRac/out/chapters/chapter6.aux)
(D:/ToanHocRoiRac/out/chapters/chapter7.aux)
(D:/ToanHocRoiRac/out/chapters/chapter8.aux)
(D:/ToanHocRoiRac/out/chapters/chapter9.aux))
\openout1 = `main.aux'.

LaTeX Font Info:    Checking defaults for OML/cmm/m/it on input line 13.
LaTeX Font Info:    ... okay on input line 13.
LaTeX Font Info:    Checking defaults for OMS/cmsy/m/n on input line 13.
LaTeX Font Info:    ... okay on input line 13.
LaTeX Font Info:    Checking defaults for OT1/cmr/m/n on input line 13.
LaTeX Font Info:    ... okay on input line 13.
LaTeX Font Info:    Checking defaults for T1/cmr/m/n on input line 13.
LaTeX Font Info:    ... okay on input line 13.
LaTeX Font Info:    Checking defaults for TS1/cmr/m/n on input line 13.
LaTeX Font Info:    Trying to load font information for TS1+cmr on input line 1
3.

(d:/Program Files/texlive/texmf-dist/tex/latex/base/ts1cmr.fd
File: ts1cmr.fd 2023/04/13 v2.5m Standard LaTeX font definitions
)
LaTeX Font Info:    ... okay on input line 13.
LaTeX Font Info:    Checking defaults for TU/lmr/m/n on input line 13.
LaTeX Font Info:    ... okay on input line 13.
LaTeX Font Info:    Checking defaults for OMX/cmex/m/n on input line 13.
LaTeX Font Info:    ... okay on input line 13.
LaTeX Font Info:    Checking defaults for U/cmr/m/n on input line 13.
LaTeX Font Info:    ... okay on input line 13.
LaTeX Font Info:    Checking defaults for PD1/pdf/m/n on input line 13.
LaTeX Font Info:    ... okay on input line 13.
LaTeX Font Info:    Checking defaults for PU/pdf/m/n on input line 13.
LaTeX Font Info:    ... okay on input line 13.

(d:/Program Files/texlive/texmf-dist/tex/latex/graphics/color.sty
Package: color 2022/01/06 v1.3d Standard LaTeX Color (DPC)

(d:/Program Files/texlive/texmf-dist/tex/latex/graphics-cfg/color.cfg
File: color.cfg 2016/01/02 v1.6 sample color configuration
)
Package color Info: Driver file: xetex.def on input line 149.

(d:/Program Files/texlive/texmf-dist/tex/latex/graphics/mathcolor.ltx))
Package hyperref Info: Link coloring ON on input line 13.

(D:/ToanHocRoiRac/out/main.out) (D:/ToanHocRoiRac/out/main.out)
\@outlinefile=\write3
\openout3 = `main.out'.

 [1


]
\openout2 = `chapters/preface.aux'.


(./chapters/preface.tex [2


]) [3] [4



] (D:/ToanHocRoiRac/out/main.toc)
\tf@toc=\write4
\openout4 = `main.toc'.

 [5]
\openout2 = `chapters/chapter1.aux'.


(./chapters/chapter1.tex [6


]
Chương 1.

Underfull \hbox (badness 1668) in paragraph at lines 10--10
\TU/lmr/m/n/10.95 đầu bạn nghe về bài
 []

File: assets/chapter1/Tower of Hanoi.jpg Graphic file (type bmp)
<assets/chapter1/Tower of Hanoi.jpg>

Underfull \hbox (badness 1009) in paragraph at lines 21--21
[]\TU/lmr/m/n/10.95 Làm bằng vàng cơ à.
 []


Underfull \hbox (badness 1009) in paragraph at lines 21--21
[]\TU/lmr/m/n/10.95 Làm bằng vàng cơ à.
 []

[7]) [8]
\openout2 = `chapters/chapter2.aux'.

 (./chapters/chapter2.tex
Chương 2.
) [9




]
\openout2 = `chapters/chapter3.aux'.

 (./chapters/chapter3.tex [10




]
Chương 3.
) [11]
\openout2 = `chapters/chapter4.aux'.

 (./chapters/chapter4.tex [12




]
Chương 4.
) [13]
\openout2 = `chapters/chapter5.aux'.

 (./chapters/chapter5.tex [14




]
Chương 5.
) [15]
\openout2 = `chapters/chapter6.aux'.

 (./chapters/chapter6.tex [16




]
Chương 6.
) [17]
\openout2 = `chapters/chapter7.aux'.

 (./chapters/chapter7.tex [18




]
Chương 7.
) [19]
\openout2 = `chapters/chapter8.aux'.

 (./chapters/chapter8.tex [20




]
Chương 8.
File: dice.pdf Graphic file (type pdf)
<use dice.pdf>
File: dice.pdf Graphic file (type pdf)
<use dice.pdf>
File: dice.pdf Graphic file (type pdf)
<use dice.pdf>
File: dice.pdf Graphic file (type pdf)
<use dice.pdf>
File: dice.pdf Graphic file (type pdf)
<use dice.pdf>
File: dice.pdf Graphic file (type pdf)
<use dice.pdf>
File: dice.pdf Graphic file (type pdf)
<use dice.pdf>
File: dice.pdf Graphic file (type pdf)
<use dice.pdf>
File: dice.pdf Graphic file (type pdf)
<use dice.pdf>
File: dice.pdf Graphic file (type pdf)
<use dice.pdf>
File: dice.pdf Graphic file (type pdf)
<use dice.pdf>
File: dice.pdf Graphic file (type pdf)
<use dice.pdf>
[21]
File: dice.pdf Graphic file (type pdf)
<use dice.pdf>
File: dice.pdf Graphic file (type pdf)
<use dice.pdf>
File: dice.pdf Graphic file (type pdf)
<use dice.pdf>
File: dice.pdf Graphic file (type pdf)
<use dice.pdf>
File: dice.pdf Graphic file (type pdf)
<use dice.pdf>
File: dice.pdf Graphic file (type pdf)
<use dice.pdf>
File: dice.pdf Graphic file (type pdf)
<use dice.pdf>
File: dice.pdf Graphic file (type pdf)
<use dice.pdf>
File: dice.pdf Graphic file (type pdf)
<use dice.pdf>
File: dice.pdf Graphic file (type pdf)
<use dice.pdf>
File: dice.pdf Graphic file (type pdf)
<use dice.pdf>
File: dice.pdf Graphic file (type pdf)
<use dice.pdf>
File: dice.pdf Graphic file (type pdf)
<use dice.pdf>
File: dice.pdf Graphic file (type pdf)
<use dice.pdf>

Underfull \hbox (badness 1377) in paragraph at lines 70--70
\TU/lmr/m/n/10.95 nhau, thì làm sao ta
 []


Underfull \hbox (badness 1377) in paragraph at lines 70--70
\TU/lmr/m/n/10.95 nhau, thì làm sao ta
 []

File: dice.pdf Graphic file (type pdf)
<use dice.pdf>
File: dice.pdf Graphic file (type pdf)
<use dice.pdf>
File: dice.pdf Graphic file (type pdf)
<use dice.pdf>
File: dice.pdf Graphic file (type pdf)
<use dice.pdf>
File: dice.pdf Graphic file (type pdf)
<use dice.pdf>
File: dice.pdf Graphic file (type pdf)
<use dice.pdf>
File: dice.pdf Graphic file (type pdf)
<use dice.pdf>
File: dice.pdf Graphic file (type pdf)
<use dice.pdf>
File: dice.pdf Graphic file (type pdf)
<use dice.pdf>
File: dice.pdf Graphic file (type pdf)
<use dice.pdf>
File: dice.pdf Graphic file (type pdf)
<use dice.pdf>
File: dice.pdf Graphic file (type pdf)
<use dice.pdf>
[22]) [23]
\openout2 = `chapters/chapter9.aux'.

 (./chapters/chapter9.tex [24




]
Chương 9.
) [25] (D:/ToanHocRoiRac/out/main.bbl [26



]) [27] (D:/ToanHocRoiRac/out/main.aux (D:/ToanHocRoiRac/out/chapters/preface.a
ux)
(D:/ToanHocRoiRac/out/chapters/chapter1.aux)
(D:/ToanHocRoiRac/out/chapters/chapter2.aux)
(D:/ToanHocRoiRac/out/chapters/chapter3.aux)
(D:/ToanHocRoiRac/out/chapters/chapter4.aux)
(D:/ToanHocRoiRac/out/chapters/chapter5.aux)
(D:/ToanHocRoiRac/out/chapters/chapter6.aux)
(D:/ToanHocRoiRac/out/chapters/chapter7.aux)
(D:/ToanHocRoiRac/out/chapters/chapter8.aux)
(D:/ToanHocRoiRac/out/chapters/chapter9.aux))
 ***********
LaTeX2e <2023-06-01> patch level 1
L3 programming layer <2023-08-29>
 ***********
Package rerunfilecheck Info: File `main.out' has not changed.
(rerunfilecheck)             Checksum: 6C854D0590B1B08F3E868C9C56EDF9EF;1429.
 ) 
Here is how much of TeX's memory you used:
 10001 strings out of 475585
 167709 string characters out of 5773117
 1937416 words of memory out of 5000000
 31117 multiletter control sequences out of 15000+600000
 563091 words of font info for 67 fonts, out of 8000000 for 9000
 1348 hyphenation exceptions out of 8191
 87i,13n,93p,459b,334s stack positions out of 10000i,1000n,20000p,200000b,200000s

Output written on D:/ToanHocRoiRac/out/main.pdf (27 pages).
