This is XeTeX, Version 3.141592653-2.6-0.999995 (TeX Live 2023/Arch Linux) (preloaded format=xelatex 2023.9.18)  28 SEP 2023 16:25
entering extended mode
 restricted \write18 enabled.
 file:line:error style messages enabled.
 %&-line parsing enabled.
**/home/trucmai/ToanHocRoiRac/src/main
(/home/trucmai/ToanHocRoiRac/src/main.tex
LaTeX2e <2022-11-01> patch level 1
L3 programming layer <2023-02-22> (/usr/share/texmf-dist/tex/latex/base/book.cls
Document Class: book 2022/07/02 v1.4n Standard LaTeX document class
(/usr/share/texmf-dist/tex/latex/base/bk11.clo
File: bk11.clo 2022/07/02 v1.4n Standard LaTeX file (size option)
)
\c@part=\count181
\c@chapter=\count182
\c@section=\count183
\c@subsection=\count184
\c@subsubsection=\count185
\c@paragraph=\count186
\c@subparagraph=\count187
\c@figure=\count188
\c@table=\count189
\abovecaptionskip=\skip48
\belowcaptionskip=\skip49
\bibindent=\dimen140
) (./style.sty
Package: style Concrete Mathematics
 (/usr/share/texmf-dist/tex/latex/amsmath/amsmath.sty
Package: amsmath 2022/04/08 v2.17n AMS math features
\@mathmargin=\skip50

For additional information on amsmath, use the `?' option.
(/usr/share/texmf-dist/tex/latex/amsmath/amstext.sty
Package: amstext 2021/08/26 v2.01 AMS text
 (/usr/share/texmf-dist/tex/latex/amsmath/amsgen.sty
File: amsgen.sty 1999/11/30 v2.0 generic functions
\@emptytoks=\toks16
\ex@=\dimen141
)) (/usr/share/texmf-dist/tex/latex/amsmath/amsbsy.sty
Package: amsbsy 1999/11/29 v1.2d Bold Symbols
\pmbraise@=\dimen142
) (/usr/share/texmf-dist/tex/latex/amsmath/amsopn.sty
Package: amsopn 2022/04/08 v2.04 operator names
)
\inf@bad=\count190
LaTeX Info: Redefining \frac on input line 234.
\uproot@=\count191
\leftroot@=\count192
LaTeX Info: Redefining \overline on input line 399.
LaTeX Info: Redefining \colon on input line 410.
\classnum@=\count193
\DOTSCASE@=\count194
LaTeX Info: Redefining \ldots on input line 496.
LaTeX Info: Redefining \dots on input line 499.
LaTeX Info: Redefining \cdots on input line 620.
\Mathstrutbox@=\box51
\strutbox@=\box52
LaTeX Info: Redefining \big on input line 722.
LaTeX Info: Redefining \Big on input line 723.
LaTeX Info: Redefining \bigg on input line 724.
LaTeX Info: Redefining \Bigg on input line 725.
\big@size=\dimen143
LaTeX Font Info:    Redeclaring font encoding OML on input line 743.
LaTeX Font Info:    Redeclaring font encoding OMS on input line 744.
\macc@depth=\count195
LaTeX Info: Redefining \bmod on input line 905.
LaTeX Info: Redefining \pmod on input line 910.
LaTeX Info: Redefining \smash on input line 940.
LaTeX Info: Redefining \relbar on input line 970.
LaTeX Info: Redefining \Relbar on input line 971.
\c@MaxMatrixCols=\count196
\dotsspace@=\muskip16
\c@parentequation=\count197
\dspbrk@lvl=\count198
\tag@help=\toks17
\row@=\count199
\column@=\count266
\maxfields@=\count267
\andhelp@=\toks18
\eqnshift@=\dimen144
\alignsep@=\dimen145
\tagshift@=\dimen146
\tagwidth@=\dimen147
\totwidth@=\dimen148
\lineht@=\dimen149
\@envbody=\toks19
\multlinegap=\skip51
\multlinetaggap=\skip52
\mathdisplay@stack=\toks20
LaTeX Info: Redefining \[ on input line 2953.
LaTeX Info: Redefining \] on input line 2954.
) (/usr/share/texmf-dist/tex/latex/epsdice/epsdice.sty
Package: epsdice 2007/02/15 by Thomas Heim (v. 2.1)
 (/usr/share/texmf-dist/tex/latex/graphics/graphicx.sty
Package: graphicx 2021/09/16 v1.2d Enhanced LaTeX Graphics (DPC,SPQR)
 (/usr/share/texmf-dist/tex/latex/graphics/keyval.sty
Package: keyval 2022/05/29 v1.15 key=value parser (DPC)
\KV@toks@=\toks21
) (/usr/share/texmf-dist/tex/latex/graphics/graphics.sty
Package: graphics 2022/03/10 v1.4e Standard LaTeX Graphics (DPC,SPQR)
 (/usr/share/texmf-dist/tex/latex/graphics/trig.sty
Package: trig 2021/08/11 v1.11 sin cos tan (DPC)
) (/usr/share/texmf-dist/tex/latex/graphics-cfg/graphics.cfg
File: graphics.cfg 2016/06/04 v1.11 sample graphics configuration
)
Package graphics Info: Driver file: xetex.def on input line 107.
 (/usr/share/texmf-dist/tex/latex/graphics-def/xetex.def
File: xetex.def 2022/09/22 v5.0n Graphics/color driver for xetex
))
\Gin@req@height=\dimen150
\Gin@req@width=\dimen151
) (/usr/share/texmf-dist/tex/latex/base/ifthen.sty
Package: ifthen 2022/04/13 v1.1d Standard LaTeX ifthen package (DPC)
) (/usr/share/texmf-dist/tex/latex/epsdice/epsdice.cfg)
\c@eps@face=\count268
) (/usr/share/texmf-dist/tex/latex/etoolbox/etoolbox.sty
Package: etoolbox 2020/10/05 v2.5k e-TeX tools for LaTeX (JAW)
\etb@tempcnta=\count269
) (/usr/share/texmf-dist/tex/latex/hyperref/hyperref.sty
Package: hyperref 2023-02-07 v7.00v Hypertext links for LaTeX
 (/usr/share/texmf-dist/tex/generic/ltxcmds/ltxcmds.sty
Package: ltxcmds 2020-05-10 v1.25 LaTeX kernel commands for general use (HO)
) (/usr/share/texmf-dist/tex/generic/iftex/iftex.sty
Package: iftex 2022/02/03 v1.0f TeX engine tests
) (/usr/share/texmf-dist/tex/generic/pdftexcmds/pdftexcmds.sty
Package: pdftexcmds 2020-06-27 v0.33 Utility functions of pdfTeX for LuaTeX (HO)
 (/usr/share/texmf-dist/tex/generic/infwarerr/infwarerr.sty
Package: infwarerr 2019/12/03 v1.5 Providing info/warning/error messages (HO)
)
Package pdftexcmds Info: \pdf@primitive is available.
Package pdftexcmds Info: \pdf@ifprimitive is available.
Package pdftexcmds Info: \pdfdraftmode not found.
) (/usr/share/texmf-dist/tex/latex/kvsetkeys/kvsetkeys.sty
Package: kvsetkeys 2022-10-05 v1.19 Key value parser (HO)
) (/usr/share/texmf-dist/tex/generic/kvdefinekeys/kvdefinekeys.sty
Package: kvdefinekeys 2019-12-19 v1.6 Define keys (HO)
) (/usr/share/texmf-dist/tex/generic/pdfescape/pdfescape.sty
Package: pdfescape 2019/12/09 v1.15 Implements pdfTeX's escape features (HO)
) (/usr/share/texmf-dist/tex/latex/hycolor/hycolor.sty
Package: hycolor 2020-01-27 v1.10 Color options for hyperref/bookmark (HO)
) (/usr/share/texmf-dist/tex/latex/letltxmacro/letltxmacro.sty
Package: letltxmacro 2019/12/03 v1.6 Let assignment for LaTeX macros (HO)
) (/usr/share/texmf-dist/tex/latex/auxhook/auxhook.sty
Package: auxhook 2019-12-17 v1.6 Hooks for auxiliary files (HO)
) (/usr/share/texmf-dist/tex/latex/hyperref/nameref.sty
Package: nameref 2022-05-17 v2.50 Cross-referencing by name of section
 (/usr/share/texmf-dist/tex/latex/refcount/refcount.sty
Package: refcount 2019/12/15 v3.6 Data extraction from label references (HO)
) (/usr/share/texmf-dist/tex/generic/gettitlestring/gettitlestring.sty
Package: gettitlestring 2019/12/15 v1.6 Cleanup title references (HO)
 (/usr/share/texmf-dist/tex/latex/kvoptions/kvoptions.sty
Package: kvoptions 2022-06-15 v3.15 Key value format for package options (HO)
))
\c@section@level=\count270
)
\@linkdim=\dimen152
\Hy@linkcounter=\count271
\Hy@pagecounter=\count272
 (/usr/share/texmf-dist/tex/latex/hyperref/pd1enc.def
File: pd1enc.def 2023-02-07 v7.00v Hyperref: PDFDocEncoding definition (HO)
) (/usr/share/texmf-dist/tex/generic/intcalc/intcalc.sty
Package: intcalc 2019/12/15 v1.3 Expandable calculations with integers (HO)
) (/usr/share/texmf-dist/tex/generic/etexcmds/etexcmds.sty
Package: etexcmds 2019/12/15 v1.7 Avoid name clashes with e-TeX commands (HO)
)
\Hy@SavedSpaceFactor=\count273
 (/usr/share/texmf-dist/tex/latex/hyperref/puenc.def
File: puenc.def 2023-02-07 v7.00v Hyperref: PDF Unicode definition (HO)
)
Package hyperref Info: Hyper figures OFF on input line 4177.
Package hyperref Info: Link nesting OFF on input line 4182.
Package hyperref Info: Hyper index ON on input line 4185.
Package hyperref Info: Plain pages OFF on input line 4192.
Package hyperref Info: Backreferencing OFF on input line 4197.
Package hyperref Info: Implicit mode ON; LaTeX internals redefined.
Package hyperref Info: Bookmarks ON on input line 4425.
\c@Hy@tempcnt=\count274
 (/usr/share/texmf-dist/tex/latex/url/url.sty
\Urlmuskip=\muskip17
Package: url 2013/09/16  ver 3.4  Verb mode for urls, etc.
)
LaTeX Info: Redefining \url on input line 4763.
\XeTeXLinkMargin=\dimen153
 (/usr/share/texmf-dist/tex/generic/bitset/bitset.sty
Package: bitset 2019/12/09 v1.3 Handle bit-vector datatype (HO)
 (/usr/share/texmf-dist/tex/generic/bigintcalc/bigintcalc.sty
Package: bigintcalc 2019/12/15 v1.5 Expandable calculations on big integers (HO)
))
\Fld@menulength=\count275
\Field@Width=\dimen154
\Fld@charsize=\dimen155
Package hyperref Info: Hyper figures OFF on input line 6042.
Package hyperref Info: Link nesting OFF on input line 6047.
Package hyperref Info: Hyper index ON on input line 6050.
Package hyperref Info: backreferencing OFF on input line 6057.
Package hyperref Info: Link coloring OFF on input line 6062.
Package hyperref Info: Link coloring with OCG OFF on input line 6067.
Package hyperref Info: PDF/A mode OFF on input line 6072.
 (/usr/share/texmf-dist/tex/latex/base/atbegshi-ltx.sty
Package: atbegshi-ltx 2021/01/10 v1.0c Emulation of the original atbegshi
package with kernel methods
)
\Hy@abspage=\count276
\c@Item=\count277
\c@Hfootnote=\count278
)
Package hyperref Info: Driver (autodetected): hxetex.
 (/usr/share/texmf-dist/tex/latex/hyperref/hxetex.def
File: hxetex.def 2023-02-07 v7.00v Hyperref driver for XeTeX
 (/usr/share/texmf-dist/tex/generic/stringenc/stringenc.sty
Package: stringenc 2019/11/29 v1.12 Convert strings between diff. encodings (HO)
)
\pdfm@box=\box53
\c@Hy@AnnotLevel=\count279
\HyField@AnnotCount=\count280
\Fld@listcount=\count281
\c@bookmark@seq@number=\count282
 (/usr/share/texmf-dist/tex/latex/rerunfilecheck/rerunfilecheck.sty
Package: rerunfilecheck 2022-07-10 v1.10 Rerun checks for auxiliary files (HO)
 (/usr/share/texmf-dist/tex/latex/base/atveryend-ltx.sty
Package: atveryend-ltx 2020/08/19 v1.0a Emulation of the original atveryend package
with kernel methods
) (/usr/share/texmf-dist/tex/generic/uniquecounter/uniquecounter.sty
Package: uniquecounter 2019/12/15 v1.4 Provide unlimited unique counter (HO)
)
Package uniquecounter Info: New unique counter `rerunfilecheck' on input line 285.
)
\Hy@SectionHShift=\skip53
)
Package hyperref Info: Option `colorlinks' set `true' on input line 37.
 (/usr/share/texmf-dist/tex/latex/interval/interval.sty
Package: interval 2019/03/06 v0.4
 (/usr/share/texmf-dist/tex/latex/pgf/utilities/pgfkeys.sty (/usr/share/texmf-dist/tex/generic/pgf/utilities/pgfkeys.code.tex
\pgfkeys@pathtoks=\toks22
\pgfkeys@temptoks=\toks23
 (/usr/share/texmf-dist/tex/generic/pgf/utilities/pgfkeyslibraryfiltered.code.tex
\pgfkeys@tmptoks=\toks24
)))) (/usr/share/texmf-dist/tex/latex/marginnote/marginnote.sty
Package: marginnote 2018/08/09 v1.4b non floating margin notes for LaTeX
\c@mn@abspage=\count283
) (/usr/share/texmf-dist/tex/latex/amsrefs/textcmds.sty
Package: textcmds 2012/08/02 v2.00
)) (/usr/share/texmf-dist/tex/latex/amsfonts/amsfonts.sty
Package: amsfonts 2013/01/14 v3.01 Basic AMSFonts support
\symAMSa=\mathgroup4
\symAMSb=\mathgroup5
LaTeX Font Info:    Redeclaring math symbol \hbar on input line 98.
LaTeX Font Info:    Overwriting math alphabet `\mathfrak' in version `bold'
(Font)                  U/euf/m/n --> U/euf/b/n on input line 106.
) (/usr/share/texmf-dist/tex/latex/l3backend/l3backend-xetex.def
File: l3backend-xetex.def 2023-01-16 L3 backend support: XeTeX
\g__graphics_track_int=\count284
\l__pdf_internal_box=\box54
\g__pdf_backend_object_int=\count285
\g__pdf_backend_annotation_int=\count286
\g__pdf_backend_link_int=\count287
) (./main.aux (./chapters/preface.aux) (./chapters/chapter1.aux) (./chapters/chapter2.aux) (./chapters/chapter3.aux) (./chapters/chapter4.aux) (./chapters/chapter5.aux) (./chapters/chapter6.aux) (./chapters/chapter7.aux) (./chapters/chapter8.aux) (./chapters/chapter9.aux))
\openout1 = `main.aux'.

LaTeX Font Info:    Checking defaults for OML/cmm/m/it on input line 15.
LaTeX Font Info:    ... okay on input line 15.
LaTeX Font Info:    Checking defaults for OMS/cmsy/m/n on input line 15.
LaTeX Font Info:    ... okay on input line 15.
LaTeX Font Info:    Checking defaults for OT1/cmr/m/n on input line 15.
LaTeX Font Info:    ... okay on input line 15.
LaTeX Font Info:    Checking defaults for T1/cmr/m/n on input line 15.
LaTeX Font Info:    ... okay on input line 15.
LaTeX Font Info:    Checking defaults for TS1/cmr/m/n on input line 15.
LaTeX Font Info:    Trying to load font information for TS1+cmr on input line 15.
 (/usr/share/texmf-dist/tex/latex/base/ts1cmr.fd
File: ts1cmr.fd 2022/07/10 v2.5l Standard LaTeX font definitions
)
LaTeX Font Info:    ... okay on input line 15.
LaTeX Font Info:    Checking defaults for TU/lmr/m/n on input line 15.
LaTeX Font Info:    ... okay on input line 15.
LaTeX Font Info:    Checking defaults for OMX/cmex/m/n on input line 15.
LaTeX Font Info:    ... okay on input line 15.
LaTeX Font Info:    Checking defaults for U/cmr/m/n on input line 15.
LaTeX Font Info:    ... okay on input line 15.
LaTeX Font Info:    Checking defaults for PD1/pdf/m/n on input line 15.
LaTeX Font Info:    ... okay on input line 15.
LaTeX Font Info:    Checking defaults for PU/pdf/m/n on input line 15.
LaTeX Font Info:    ... okay on input line 15.
 (/usr/share/texmf-dist/tex/latex/graphics/color.sty
Package: color 2022/01/06 v1.3d Standard LaTeX Color (DPC)
 (/usr/share/texmf-dist/tex/latex/graphics-cfg/color.cfg
File: color.cfg 2016/01/02 v1.6 sample color configuration
)
Package color Info: Driver file: xetex.def on input line 149.
 (/usr/share/texmf-dist/tex/latex/graphics/mathcolor.ltx))
Package hyperref Info: Link coloring ON on input line 15.
 (./main.out) (./main.out)
\@outlinefile=\write3
\openout3 = `main.out'.

LaTeX Font Info:    Trying to load font information for U+msa on input line 17.
 (/usr/share/texmf-dist/tex/latex/amsfonts/umsa.fd
File: umsa.fd 2013/01/14 v3.01 AMS symbols A
)
LaTeX Font Info:    Trying to load font information for U+msb on input line 17.
 (/usr/share/texmf-dist/tex/latex/amsfonts/umsb.fd
File: umsb.fd 2013/01/14 v3.01 AMS symbols B
) [1


]
\openout2 = `chapters/preface.aux'.

 (./chapters/preface.tex [2


]

LaTeX Warning: Citation `concretemaths' on page 3 undefined on input line 3.

) [3] [4



] (./main.toc)
\tf@toc=\write4
\openout4 = `main.toc'.

 [5]
\openout2 = `chapters/chapter1.aux'.

 (./chapters/chapter1.tex [6


]
Chương 1.

Underfull \hbox (badness 1668) in paragraph at lines 10--10
\TU/lmr/m/n/10.95 đầu bạn nghe về bài
 []

File: assets/chapter1/Tower of Hanoi.jpg Graphic file (type bmp)
<assets/chapter1/Tower of Hanoi.jpg>

Underfull \hbox (badness 1009) in paragraph at lines 21--21
[]\TU/lmr/m/n/10.95 Làm bằng vàng cơ à.
 []


Underfull \hbox (badness 1009) in paragraph at lines 21--21
[]\TU/lmr/m/n/10.95 Làm bằng vàng cơ à.
 []

[7]) [8]
\openout2 = `chapters/chapter2.aux'.

 (./chapters/chapter2.tex
Chương 2.
) [9




]
\openout2 = `chapters/chapter3.aux'.

 (./chapters/chapter3.tex [10




]
Chương 3.
) [11]
\openout2 = `chapters/chapter4.aux'.

 (./chapters/chapter4.tex [12




]
Chương 4.
) [13]
\openout2 = `chapters/chapter5.aux'.

 (./chapters/chapter5.tex [14




]
Chương 5.
) [15]
\openout2 = `chapters/chapter6.aux'.

 (./chapters/chapter6.tex [16




]
Chương 6.

Package amsmath Warning: Foreign command \atopwithdelims;
(amsmath)                \frac or \genfrac should be used instead
(amsmath)                 on input line 18.


Package amsmath Warning: Foreign command \atop;
(amsmath)                \frac or \genfrac should be used instead
(amsmath)                 on input line 19.

[17]

LaTeX Warning: Citation `citation343' on page 18 undefined on input line 60.

[18]) [19]
\openout2 = `chapters/chapter7.aux'.

 (./chapters/chapter7.tex [20




]
Chương 7.
) [21]
\openout2 = `chapters/chapter8.aux'.

 (./chapters/chapter8.tex [22




]
Chương 8.

LaTeX Warning: Citation `citation120' on page 23 undefined on input line 12.


LaTeX Warning: Citation `citation120' on page 23 undefined on input line 12.

File: dice.pdf Graphic file (type pdf)
<use dice.pdf>
File: dice.pdf Graphic file (type pdf)
<use dice.pdf>
File: dice.pdf Graphic file (type pdf)
<use dice.pdf>
File: dice.pdf Graphic file (type pdf)
<use dice.pdf>
File: dice.pdf Graphic file (type pdf)
<use dice.pdf>
File: dice.pdf Graphic file (type pdf)
<use dice.pdf>
File: dice.pdf Graphic file (type pdf)
<use dice.pdf>
File: dice.pdf Graphic file (type pdf)
<use dice.pdf>
File: dice.pdf Graphic file (type pdf)
<use dice.pdf>
File: dice.pdf Graphic file (type pdf)
<use dice.pdf>
File: dice.pdf Graphic file (type pdf)
<use dice.pdf>
File: dice.pdf Graphic file (type pdf)
<use dice.pdf>
[23]
File: dice.pdf Graphic file (type pdf)
<use dice.pdf>
File: dice.pdf Graphic file (type pdf)
<use dice.pdf>
File: dice.pdf Graphic file (type pdf)
<use dice.pdf>
File: dice.pdf Graphic file (type pdf)
<use dice.pdf>
File: dice.pdf Graphic file (type pdf)
<use dice.pdf>
File: dice.pdf Graphic file (type pdf)
<use dice.pdf>
File: dice.pdf Graphic file (type pdf)
<use dice.pdf>
File: dice.pdf Graphic file (type pdf)
<use dice.pdf>
File: dice.pdf Graphic file (type pdf)
<use dice.pdf>
File: dice.pdf Graphic file (type pdf)
<use dice.pdf>
File: dice.pdf Graphic file (type pdf)
<use dice.pdf>
File: dice.pdf Graphic file (type pdf)
<use dice.pdf>
File: dice.pdf Graphic file (type pdf)
<use dice.pdf>
File: dice.pdf Graphic file (type pdf)
<use dice.pdf>

Underfull \hbox (badness 1377) in paragraph at lines 70--70
\TU/lmr/m/n/10.95 nhau, thì làm sao ta
 []


Underfull \hbox (badness 1377) in paragraph at lines 70--70
\TU/lmr/m/n/10.95 nhau, thì làm sao ta
 []

File: dice.pdf Graphic file (type pdf)
<use dice.pdf>
File: dice.pdf Graphic file (type pdf)
<use dice.pdf>
File: dice.pdf Graphic file (type pdf)
<use dice.pdf>
File: dice.pdf Graphic file (type pdf)
<use dice.pdf>
File: dice.pdf Graphic file (type pdf)
<use dice.pdf>
File: dice.pdf Graphic file (type pdf)
<use dice.pdf>
File: dice.pdf Graphic file (type pdf)
<use dice.pdf>
File: dice.pdf Graphic file (type pdf)
<use dice.pdf>
File: dice.pdf Graphic file (type pdf)
<use dice.pdf>
File: dice.pdf Graphic file (type pdf)
<use dice.pdf>
File: dice.pdf Graphic file (type pdf)
<use dice.pdf>
File: dice.pdf Graphic file (type pdf)
<use dice.pdf>
[24]) [25]
\openout2 = `chapters/chapter9.aux'.

 (./chapters/chapter9.tex [26




]
Chương 9.
) [27]
No file main.bbl.
(./main.aux (./chapters/preface.aux) (./chapters/chapter1.aux) (./chapters/chapter2.aux) (./chapters/chapter3.aux) (./chapters/chapter4.aux) (./chapters/chapter5.aux) (./chapters/chapter6.aux) (./chapters/chapter7.aux) (./chapters/chapter8.aux) (./chapters/chapter9.aux))

LaTeX Warning: There were undefined references.

Package rerunfilecheck Info: File `main.out' has not changed.
(rerunfilecheck)             Checksum: F8981796C7786B70380FE37BE5B8B3DD;1868.
 ) 
Here is how much of TeX's memory you used:
 10265 strings out of 478682
 173191 string characters out of 5849665
 1868018 words of memory out of 5000000
 30132 multiletter control sequences out of 15000+600000
 518960 words of font info for 72 fonts, out of 8000000 for 9000
 14 hyphenation exceptions out of 8191
 87i,13n,90p,487b,394s stack positions out of 10000i,1000n,20000p,200000b,200000s

Output written on main.pdf (27 pages).
